Requirement already satisfied: pillow in c:\users\pc\documents\github\hybrid-assistant\venv\lib\site-packages (from -r requirements.txt (line 1)) (12.0.0)
Requirement already satisfied: opencv-contrib-python in c:\users\pc\documents\github\hybrid-assistant\venv\lib\site-packages (from -r requirements.txt (line 2)) (4.12.0.88)
Requirement already satisfied: ultralytics in c:\users\pc\documents\github\hybrid-assistant\venv\lib\site-packages (from -r requirements.txt (line 3)) (8.3.228)
Requirement already satisfied: torch in c:\users\pc\documents\github\hybrid-assistant\venv\lib\site-packages (from -r requirements.txt (line 4)) (2.9.0)
Requirement already satisfied: transformers in c:\users\pc\documents\github\hybrid-assistant\venv\lib\site-packages (from -r requirements.txt (line 5)) (4.57.1)
Requirement already satisfied: accelerate in c:\users\pc\documents\github\hybrid-assistant\venv\lib\site-packages (from -r requirements.txt (line 6)) (1.11.0)
Requirement already satisfied: uvicorn[standard] in c:\users\pc\documents\github\hybrid-assistant\venv\lib\site-packages (from -r requirements.txt (line 7)) (0.38.0)
Requirement already satisfied: requests in c:\users\pc\documents\github\hybrid-assistant\venv\lib\site-packages (from -r requirements.txt (line 8)) (2.32.5)
Requirement already satisfied: numpy in c:\users\pc\documents\github\hybrid-assistant\venv\lib\site-packages (from -r requirements.txt (line 9)) (2.2.6)
Requirement already satisfied: matplotlib>=3.3.0 in c:\users\pc\documents\github\hybrid-assistant\venv\lib\site-packages (from ultralytics->-r requirements.txt (line 3)) (3.10.7)
Requirement already satisfied: opencv-python>=4.6.0 in c:\users\pc\documents\github\hybrid-assistant\venv\lib\site-packages (from ultralytics->-r requirements.txt (line 3)) (4.12.0.88)
Requirement already satisfied: pyyaml>=5.3.1 in c:\users\pc\documents\github\hybrid-assistant\venv\lib\site-packages (from ultralytics->-r requirements.txt (line 3)) (6.0.3)
Requirement already satisfied: scipy>=1.4.1 in c:\users\pc\documents\github\hybrid-assistant\venv\lib\site-packages (from ultralytics->-r requirements.txt (line 3)) (1.16.3)
Requirement already satisfied: torchvision>=0.9.0 in c:\users\pc\documents\github\hybrid-assistant\venv\lib\site-packages (from ultralytics->-r requirements.txt (line 3)) (0.24.0)
Requirement already satisfied: psutil in c:\users\pc\documents\github\hybrid-assistant\venv\lib\site-packages (from ultralytics->-r requirements.txt (line 3)) (7.1.3)
Requirement already satisfied: polars in c:\users\pc\documents\github\hybrid-assistant\venv\lib\site-packages (from ultralytics->-r requirements.txt (line 3)) (1.35.1)
Requirement already satisfied: ultralytics-thop>=2.0.18 in c:\users\pc\documents\github\hybrid-assistant\venv\lib\site-packages (from ultralytics->-r requirements.txt (line 3)) (2.0.18)
Requirement already satisfied: filelock in c:\users\pc\documents\github\hybrid-assistant\venv\lib\site-packages (from torch->-r requirements.txt (line 4)) (3.20.0)
Requirement already satisfied: typing-extensions>=4.10.0 in c:\users\pc\documents\github\hybrid-assistant\venv\lib\site-packages (from torch->-r requirements.txt (line 4)) (4.15.0)
Requirement already satisfied: sympy>=1.13.3 in c:\users\pc\documents\github\hybrid-assistant\venv\lib\site-packages (from torch->-r requirements.txt (line 4)) (1.14.0)
Requirement already satisfied: networkx>=2.5.1 in c:\users\pc\documents\github\hybrid-assistant\venv\lib\site-packages (from torch->-r requirements.txt (line 4)) (3.5)
Requirement already satisfied: jinja2 in c:\users\pc\documents\github\hybrid-assistant\venv\lib\site-packages (from torch->-r requirements.txt (line 4)) (3.1.6)
Requirement already satisfied: fsspec>=0.8.5 in c:\users\pc\documents\github\hybrid-assistant\venv\lib\site-packages (from torch->-r requirements.txt (line 4)) (2025.10.0)
Requirement already satisfied: huggingface-hub<1.0,>=0.34.0 in c:\users\pc\documents\github\hybrid-assistant\venv\lib\site-packages (from transformers->-r requirements.txt (line 5)) (0.36.0)
Requirement already satisfied: packaging>=20.0 in c:\users\pc\documents\github\hybrid-assistant\venv\lib\site-packages (from transformers->-r requirements.txt (line 5)) (25.0)
Requirement already satisfied: regex!=2019.12.17 in c:\users\pc\documents\github\hybrid-assistant\venv\lib\site-packages (from transformers->-r requirements.txt (line 5)) (2025.11.3)
Requirement already satisfied: tokenizers<=0.23.0,>=0.22.0 in c:\users\pc\documents\github\hybrid-assistant\venv\lib\site-packages (from transformers->-r requirements.txt (line 5)) (0.22.1)
Requirement already satisfied: safetensors>=0.4.3 in c:\users\pc\documents\github\hybrid-assistant\venv\lib\site-packages (from transformers->-r requirements.txt (line 5)) (0.6.2)
Requirement already satisfied: tqdm>=4.27 in c:\users\pc\documents\github\hybrid-assistant\venv\lib\site-packages (from transformers->-r requirements.txt (line 5)) (4.67.1)
Requirement already satisfied: click>=7.0 in c:\users\pc\documents\github\hybrid-assistant\venv\lib\site-packages (from uvicorn[standard]->-r requirements.txt (line 7)) (8.3.0)
Requirement already satisfied: h11>=0.8 in c:\users\pc\documents\github\hybrid-assistant\venv\lib\site-packages (from uvicorn[standard]->-r requirements.txt (line 7)) (0.16.0)
Requirement already satisfied: colorama>=0.4 in c:\users\pc\documents\github\hybrid-assistant\venv\lib\site-packages (from uvicorn[standard]->-r requirements.txt (line 7)) (0.4.6)
Requirement already satisfied: httptools>=0.6.3 in c:\users\pc\documents\github\hybrid-assistant\venv\lib\site-packages (from uvicorn[standard]->-r requirements.txt (line 7)) (0.7.1)
Requirement already satisfied: python-dotenv>=0.13 in c:\users\pc\documents\github\hybrid-assistant\venv\lib\site-packages (from uvicorn[standard]->-r requirements.txt (line 7)) (1.2.1)
Requirement already satisfied: watchfiles>=0.13 in c:\users\pc\documents\github\hybrid-assistant\venv\lib\site-packages (from uvicorn[standard]->-r requirements.txt (line 7)) (1.1.1)
Requirement already satisfied: websockets>=10.4 in c:\users\pc\documents\github\hybrid-assistant\venv\lib\site-packages (from uvicorn[standard]->-r requirements.txt (line 7)) (15.0.1)
Requirement already satisfied: charset_normalizer<4,>=2 in c:\users\pc\documents\github\hybrid-assistant\venv\lib\site-packages (from requests->-r requirements.txt (line 8)) (3.4.4)
Requirement already satisfied: idna<4,>=2.5 in c:\users\pc\documents\github\hybrid-assistant\venv\lib\site-packages (from requests->-r requirements.txt (line 8)) (3.11)
Requirement already satisfied: urllib3<3,>=1.21.1 in c:\users\pc\documents\github\hybrid-assistant\venv\lib\site-packages (from requests->-r requirements.txt (line 8)) (2.5.0)
Requirement already satisfied: certifi>=2017.4.17 in c:\users\pc\documents\github\hybrid-assistant\venv\lib\site-packages (from requests->-r requirements.txt (line 8)) (2025.10.5)
Requirement already satisfied: contourpy>=1.0.1 in c:\users\pc\documents\github\hybrid-assistant\venv\lib\site-packages (from matplotlib>=3.3.0->ultralytics->-r requirements.txt (line 3)) (1.3.3)
Requirement already satisfied: cycler>=0.10 in c:\users\pc\documents\github\hybrid-assistant\venv\lib\site-packages (from matplotlib>=3.3.0->ultralytics->-r requirements.txt (line 3)) (0.12.1)
Requirement already satisfied: fonttools>=4.22.0 in c:\users\pc\documents\github\hybrid-assistant\venv\lib\site-packages (from matplotlib>=3.3.0->ultralytics->-r requirements.txt (line 3)) (4.60.1)
Requirement already satisfied: kiwisolver>=1.3.1 in c:\users\pc\documents\github\hybrid-assistant\venv\lib\site-packages (from matplotlib>=3.3.0->ultralytics->-r requirements.txt (line 3)) (1.4.9)
Requirement already satisfied: pyparsing>=3 in c:\users\pc\documents\github\hybrid-assistant\venv\lib\site-packages (from matplotlib>=3.3.0->ultralytics->-r requirements.txt (line 3)) (3.2.5)
Requirement already satisfied: python-dateutil>=2.7 in c:\users\pc\documents\github\hybrid-assistant\venv\lib\site-packages (from matplotlib>=3.3.0->ultralytics->-r requirements.txt (line 3)) (2.9.0.post0)
Requirement already satisfied: mpmath<1.4,>=1.1.0 in c:\users\pc\documents\github\hybrid-assistant\venv\lib\site-packages (from sympy>=1.13.3->torch->-r requirements.txt (line 4)) (1.3.0)
Requirement already satisfied: anyio>=3.0.0 in c:\users\pc\documents\github\hybrid-assistant\venv\lib\site-packages (from watchfiles>=0.13->uvicorn[standard]->-r requirements.txt (line 7)) (4.11.0)
Requirement already satisfied: MarkupSafe>=2.0 in c:\users\pc\documents\github\hybrid-assistant\venv\lib\site-packages (from jinja2->torch->-r requirements.txt (line 4)) (3.0.3)
Requirement already satisfied: polars-runtime-32==1.35.1 in c:\users\pc\documents\github\hybrid-assistant\venv\lib\site-packages (from polars->ultralytics->-r requirements.txt (line 3)) (1.35.1)
Requirement already satisfied: sniffio>=1.1 in c:\users\pc\documents\github\hybrid-assistant\venv\lib\site-packages (from anyio>=3.0.0->watchfiles>=0.13->uvicorn[standard]->-r requirements.txt (line 7)) (1.3.1)
Requirement already satisfied: six>=1.5 in c:\users\pc\documents\github\hybrid-assistant\venv\lib\site-packages (from python-dateutil>=2.7->matplotlib>=3.3.0->ultralytics->-r requirements.txt (line 3)) (1.17.0)

[notice] A new release of pip is available: 23.2.1 -> 25.3
[notice] To update, run: python.exe -m pip install --upgrade pip
